<?xml version="1.0" encoding="UTF-8"?>
<!-- Generated by org.testng.reporters.JUnitReportReporter -->
<testsuite skipped="0" hostname="SHARATH" name="ecommercesite.LoggedIntoFlipkart" tests="1" failures="0" timestamp="2021-01-10T01:27:19 IST" time="5.089" errors="0">
  <testcase name="signntoflipkart" time="5.089" classname="ecommercesite.LoggedIntoFlipkart"/>
  <system-out/>
</testsuite> <!-- ecommercesite.LoggedIntoFlipkart -->
