<?xml version="1.0" encoding="UTF-8"?>
<!-- Generated by org.testng.reporters.JUnitReportReporter -->
<testsuite skipped="0" hostname="SHARATH" name="ecommercesite.SelectandAddtoCart" tests="1" failures="0" timestamp="2021-01-10T01:27:19 IST" time="24.190" errors="0">
  <testcase name="searchandadd" time="24.190" classname="ecommercesite.SelectandAddtoCart"/>
  <system-out/>
</testsuite> <!-- ecommercesite.SelectandAddtoCart -->
