<?xml version="1.0" encoding="UTF-8"?>
<!-- Generated by org.testng.reporters.JUnitReportReporter -->
<testsuite skipped="0" hostname="SHARATH" name="ecommercesite.LoggedIntoFlipkart" tests="1" failures="0" timestamp="2021-01-09T13:01:50 IST" time="3.163" errors="0">
  <testcase name="signntoflipkart" time="3.163" classname="ecommercesite.LoggedIntoFlipkart"/>
  <system-out/>
</testsuite> <!-- ecommercesite.LoggedIntoFlipkart -->
