<?xml version="1.0" encoding="UTF-8"?>
<!-- Generated by org.testng.reporters.JUnitReportReporter -->
<testsuite skipped="0" hostname="SHARATH" name="ecommercesite.Londingpage" tests="1" failures="0" timestamp="2021-01-09T13:01:50 IST" time="0.865" errors="0">
  <testcase name="srachforproduct" time="0.865" classname="ecommercesite.Londingpage"/>
  <system-out/>
</testsuite> <!-- ecommercesite.Londingpage -->
