<?xml version="1.0" encoding="UTF-8"?>
<!-- Generated by org.testng.reporters.JUnitReportReporter -->
<testsuite hostname="SHARATH" name="endtoendselenium.Firstffour" tests="1" failures="0" timestamp="22 Jan 2021 19:18:57 GMT" time="7.717" errors="0">
  <testcase name="performfirstsetopertaions" time="7.717" classname="endtoendselenium.Firstffour"/>
</testsuite> <!-- endtoendselenium.Firstffour -->
