<?xml version="1.0" encoding="UTF-8"?>
<!-- Generated by org.testng.reporters.JUnitReportReporter -->
<testsuite hostname="SHARATH" name="endtoendselenium.NextThree" tests="1" failures="0" timestamp="22 Jan 2021 19:18:57 GMT" time="10.003" errors="0">
  <testcase name="selectnext3" time="10.003" classname="endtoendselenium.NextThree"/>
</testsuite> <!-- endtoendselenium.NextThree -->
